CRITICAL - 2023-06-12 00:05:15 --> Undefined offset: 0
in APPPATH/Views/export.php on line 46.
 1 APPPATH/Views/export.php(46): CodeIgniter\Debug\Exceptions->errorHandler(8, 'Undefined offset: 0', 'APPPATH/Views/export.php', 46, [...])
 2 SYSTEMPATH/View/View.php(213): include('APPPATH/Views/export.php')
 3 SYSTEMPATH/View/View.php(216): CodeIgniter\View\View->CodeIgniter\View\{closure}()
 4 SYSTEMPATH/Common.php(1134): CodeIgniter\View\View->render('export', [], true)
 5 APPPATH/Controllers/Dashboard.php(231): view('export', [...])
 6 SYSTEMPATH/CodeIgniter.php(927): App\Controllers\Dashboard->table()
 7 SYSTEMPATH/CodeIgniter.php(482): CodeIgniter\CodeIgniter->runController(Object(App\Controllers\Dashboard))
 8 SYSTEMPATH/CodeIgniter.php(351): CodeIgniter\CodeIgniter->handleRequest(null, Object(Config\Cache), false)
 9 FCPATH/index.php(67): CodeIgniter\CodeIgniter->run()
CRITICAL - 2023-06-12 00:07:31 --> Undefined offset: 0
in APPPATH/Views/export.php on line 46.
 1 APPPATH/Views/export.php(46): CodeIgniter\Debug\Exceptions->errorHandler(8, 'Undefined offset: 0', 'APPPATH/Views/export.php', 46, [...])
 2 SYSTEMPATH/View/View.php(213): include('APPPATH/Views/export.php')
 3 SYSTEMPATH/View/View.php(216): CodeIgniter\View\View->CodeIgniter\View\{closure}()
 4 SYSTEMPATH/Common.php(1134): CodeIgniter\View\View->render('export', [], true)
 5 APPPATH/Controllers/Dashboard.php(231): view('export', [...])
 6 SYSTEMPATH/CodeIgniter.php(927): App\Controllers\Dashboard->table()
 7 SYSTEMPATH/CodeIgniter.php(482): CodeIgniter\CodeIgniter->runController(Object(App\Controllers\Dashboard))
 8 SYSTEMPATH/CodeIgniter.php(351): CodeIgniter\CodeIgniter->handleRequest(null, Object(Config\Cache), false)
 9 FCPATH/index.php(67): CodeIgniter\CodeIgniter->run()
CRITICAL - 2023-06-12 00:13:49 --> Undefined offset: 0
in APPPATH/Views/export.php on line 46.
 1 APPPATH/Views/export.php(46): CodeIgniter\Debug\Exceptions->errorHandler(8, 'Undefined offset: 0', 'APPPATH/Views/export.php', 46, [...])
 2 SYSTEMPATH/View/View.php(213): include('APPPATH/Views/export.php')
 3 SYSTEMPATH/View/View.php(216): CodeIgniter\View\View->CodeIgniter\View\{closure}()
 4 SYSTEMPATH/Common.php(1134): CodeIgniter\View\View->render('export', [], true)
 5 APPPATH/Controllers/Dashboard.php(231): view('export', [...])
 6 SYSTEMPATH/CodeIgniter.php(927): App\Controllers\Dashboard->table()
 7 SYSTEMPATH/CodeIgniter.php(482): CodeIgniter\CodeIgniter->runController(Object(App\Controllers\Dashboard))
 8 SYSTEMPATH/CodeIgniter.php(351): CodeIgniter\CodeIgniter->handleRequest(null, Object(Config\Cache), false)
 9 FCPATH/index.php(67): CodeIgniter\CodeIgniter->run()
CRITICAL - 2023-06-12 00:20:09 --> Undefined offset: 0
in APPPATH/Views/export.php on line 46.
 1 APPPATH/Views/export.php(46): CodeIgniter\Debug\Exceptions->errorHandler(8, 'Undefined offset: 0', 'APPPATH/Views/export.php', 46, [...])
 2 SYSTEMPATH/View/View.php(213): include('APPPATH/Views/export.php')
 3 SYSTEMPATH/View/View.php(216): CodeIgniter\View\View->CodeIgniter\View\{closure}()
 4 SYSTEMPATH/Common.php(1134): CodeIgniter\View\View->render('export', [], true)
 5 APPPATH/Controllers/Dashboard.php(231): view('export', [...])
 6 SYSTEMPATH/CodeIgniter.php(927): App\Controllers\Dashboard->table()
 7 SYSTEMPATH/CodeIgniter.php(482): CodeIgniter\CodeIgniter->runController(Object(App\Controllers\Dashboard))
 8 SYSTEMPATH/CodeIgniter.php(351): CodeIgniter\CodeIgniter->handleRequest(null, Object(Config\Cache), false)
 9 FCPATH/index.php(67): CodeIgniter\CodeIgniter->run()
CRITICAL - 2023-06-12 00:20:25 --> Undefined offset: 0
in APPPATH/Views/export.php on line 46.
 1 APPPATH/Views/export.php(46): CodeIgniter\Debug\Exceptions->errorHandler(8, 'Undefined offset: 0', 'APPPATH/Views/export.php', 46, [...])
 2 SYSTEMPATH/View/View.php(213): include('APPPATH/Views/export.php')
 3 SYSTEMPATH/View/View.php(216): CodeIgniter\View\View->CodeIgniter\View\{closure}()
 4 SYSTEMPATH/Common.php(1134): CodeIgniter\View\View->render('export', [], true)
 5 APPPATH/Controllers/Dashboard.php(231): view('export', [...])
 6 SYSTEMPATH/CodeIgniter.php(927): App\Controllers\Dashboard->table()
 7 SYSTEMPATH/CodeIgniter.php(482): CodeIgniter\CodeIgniter->runController(Object(App\Controllers\Dashboard))
 8 SYSTEMPATH/CodeIgniter.php(351): CodeIgniter\CodeIgniter->handleRequest(null, Object(Config\Cache), false)
 9 FCPATH/index.php(67): CodeIgniter\CodeIgniter->run()
CRITICAL - 2023-06-12 00:20:38 --> Undefined offset: 0
in APPPATH/Views/export.php on line 46.
 1 APPPATH/Views/export.php(46): CodeIgniter\Debug\Exceptions->errorHandler(8, 'Undefined offset: 0', 'APPPATH/Views/export.php', 46, [...])
 2 SYSTEMPATH/View/View.php(213): include('APPPATH/Views/export.php')
 3 SYSTEMPATH/View/View.php(216): CodeIgniter\View\View->CodeIgniter\View\{closure}()
 4 SYSTEMPATH/Common.php(1134): CodeIgniter\View\View->render('export', [], true)
 5 APPPATH/Controllers/Dashboard.php(231): view('export', [...])
 6 SYSTEMPATH/CodeIgniter.php(927): App\Controllers\Dashboard->table()
 7 SYSTEMPATH/CodeIgniter.php(482): CodeIgniter\CodeIgniter->runController(Object(App\Controllers\Dashboard))
 8 SYSTEMPATH/CodeIgniter.php(351): CodeIgniter\CodeIgniter->handleRequest(null, Object(Config\Cache), false)
 9 FCPATH/index.php(67): CodeIgniter\CodeIgniter->run()
CRITICAL - 2023-06-12 09:31:13 --> Invalid argument supplied for foreach()
in APPPATH/Views/view.php on line 34.
 1 APPPATH/Views/view.php(34): CodeIgniter\Debug\Exceptions->errorHandler(2, 'Invalid argument supplied for foreach()', 'APPPATH/Views/view.php', 34, [...])
 2 SYSTEMPATH/View/View.php(213): include('APPPATH/Views/view.php')
 3 SYSTEMPATH/View/View.php(216): CodeIgniter\View\View->CodeIgniter\View\{closure}()
 4 SYSTEMPATH/Common.php(1134): CodeIgniter\View\View->render('view', [], true)
 5 APPPATH/Controllers/Dashboard.php(144): view('view', [...])
 6 SYSTEMPATH/CodeIgniter.php(927): App\Controllers\Dashboard->view('20230610202219')
 7 SYSTEMPATH/CodeIgniter.php(482): CodeIgniter\CodeIgniter->runController(Object(App\Controllers\Dashboard))
 8 SYSTEMPATH/CodeIgniter.php(351): CodeIgniter\CodeIgniter->handleRequest(null, Object(Config\Cache), false)
 9 FCPATH/index.php(67): CodeIgniter\CodeIgniter->run()
CRITICAL - 2023-06-12 11:58:33 --> Invalid argument supplied for foreach()
in APPPATH/Views/view.php on line 34.
 1 APPPATH/Views/view.php(34): CodeIgniter\Debug\Exceptions->errorHandler(2, 'Invalid argument supplied for foreach()', 'APPPATH/Views/view.php', 34, [...])
 2 SYSTEMPATH/View/View.php(213): include('APPPATH/Views/view.php')
 3 SYSTEMPATH/View/View.php(216): CodeIgniter\View\View->CodeIgniter\View\{closure}()
 4 SYSTEMPATH/Common.php(1134): CodeIgniter\View\View->render('view', [], true)
 5 APPPATH/Controllers/Dashboard.php(144): view('view', [...])
 6 SYSTEMPATH/CodeIgniter.php(927): App\Controllers\Dashboard->view('20230610202218')
 7 SYSTEMPATH/CodeIgniter.php(482): CodeIgniter\CodeIgniter->runController(Object(App\Controllers\Dashboard))
 8 SYSTEMPATH/CodeIgniter.php(351): CodeIgniter\CodeIgniter->handleRequest(null, Object(Config\Cache), false)
 9 FCPATH/index.php(67): CodeIgniter\CodeIgniter->run()
CRITICAL - 2023-06-12 11:58:36 --> Invalid argument supplied for foreach()
in APPPATH/Views/view.php on line 34.
 1 APPPATH/Views/view.php(34): CodeIgniter\Debug\Exceptions->errorHandler(2, 'Invalid argument supplied for foreach()', 'APPPATH/Views/view.php', 34, [...])
 2 SYSTEMPATH/View/View.php(213): include('APPPATH/Views/view.php')
 3 SYSTEMPATH/View/View.php(216): CodeIgniter\View\View->CodeIgniter\View\{closure}()
 4 SYSTEMPATH/Common.php(1134): CodeIgniter\View\View->render('view', [], true)
 5 APPPATH/Controllers/Dashboard.php(144): view('view', [...])
 6 SYSTEMPATH/CodeIgniter.php(927): App\Controllers\Dashboard->view('20230610202218')
 7 SYSTEMPATH/CodeIgniter.php(482): CodeIgniter\CodeIgniter->runController(Object(App\Controllers\Dashboard))
 8 SYSTEMPATH/CodeIgniter.php(351): CodeIgniter\CodeIgniter->handleRequest(null, Object(Config\Cache), false)
 9 FCPATH/index.php(67): CodeIgniter\CodeIgniter->run()
