CRITICAL - 2023-06-04 20:36:00 --> Undefined index: untis
in APPPATH/Views/form.php on line 91.
 1 APPPATH/Views/form.php(91): CodeIgniter\Debug\Exceptions->errorHandler(8, 'Undefined index: untis', 'APPPATH/Views/form.php', 91, [...])
 2 SYSTEMPATH/View/View.php(213): include('APPPATH/Views/form.php')
 3 SYSTEMPATH/View/View.php(216): CodeIgniter\View\View->CodeIgniter\View\{closure}()
 4 SYSTEMPATH/Common.php(1134): CodeIgniter\View\View->render('form', [], true)
 5 APPPATH/Controllers/Form.php(46): view('form', [...])
 6 SYSTEMPATH/CodeIgniter.php(927): App\Controllers\Form->index()
 7 SYSTEMPATH/CodeIgniter.php(482): CodeIgniter\CodeIgniter->runController(Object(App\Controllers\Form))
 8 SYSTEMPATH/CodeIgniter.php(351): CodeIgniter\CodeIgniter->handleRequest(null, Object(Config\Cache), false)
 9 FCPATH/index.php(67): CodeIgniter\CodeIgniter->run()
ERROR - 2023-06-04 20:55:38 --> mysqli_sql_exception: You have an error in your SQL syntax; check the manual that corresponds to your MariaDB server version for the right syntax to use near 'key='Toyota'' at line 1 in /home/sarw4488/sarmtf_core/system/Database/MySQLi/Connection.php:292
Stack trace:
#0 /home/sarw4488/sarmtf_core/system/Database/MySQLi/Connection.php(292): mysqli->query('SELECT name, pr...', 0)
#1 /home/sarw4488/sarmtf_core/system/Database/BaseConnection.php(666): CodeIgniter\Database\MySQLi\Connection->execute('SELECT name, pr...')
#2 /home/sarw4488/sarmtf_core/system/Database/BaseConnection.php(593): CodeIgniter\Database\BaseConnection->simpleQuery('SELECT name, pr...')
#3 /home/sarw4488/sarmtf_core/app/Controllers/Form.php(36): CodeIgniter\Database\BaseConnection->query('SELECT name, pr...')
#4 /home/sarw4488/sarmtf_core/system/CodeIgniter.php(927): App\Controllers\Form->index()
#5 /home/sarw4488/sarmtf_core/system/CodeIgniter.php(482): CodeIgniter\CodeIgniter->runController(Object(App\Controllers\Form))
#6 /home/sarw4488/sarmtf_core/system/CodeIgniter.php(351): CodeIgniter\CodeIgniter->handleRequest(NULL, Object(Config\Cache), false)
#7 /home/sarw4488/public_html/index.php(67): CodeIgniter\CodeIgniter->run()
#8 {main}
CRITICAL - 2023-06-04 20:55:38 --> You have an error in your SQL syntax; check the manual that corresponds to your MariaDB server version for the right syntax to use near 'key='Toyota'' at line 1
in SYSTEMPATH/Database/MySQLi/Connection.php on line 292.
 1 SYSTEMPATH/Database/MySQLi/Connection.php(292): mysqli->query('SELECT name, price, unitCode, image FROM units WHERE key=\'Toyota\'', 0)
 2 SYSTEMPATH/Database/BaseConnection.php(666): CodeIgniter\Database\MySQLi\Connection->execute('SELECT name, price, unitCode, image FROM units WHERE key=\'Toyota\'')
 3 SYSTEMPATH/Database/BaseConnection.php(593): CodeIgniter\Database\BaseConnection->simpleQuery('SELECT name, price, unitCode, image FROM units WHERE key=\'Toyota\'')
 4 APPPATH/Controllers/Form.php(36): CodeIgniter\Database\BaseConnection->query('SELECT name, price, unitCode, image FROM units WHERE key=\'Toyota\'')
 5 SYSTEMPATH/CodeIgniter.php(927): App\Controllers\Form->index()
 6 SYSTEMPATH/CodeIgniter.php(482): CodeIgniter\CodeIgniter->runController(Object(App\Controllers\Form))
 7 SYSTEMPATH/CodeIgniter.php(351): CodeIgniter\CodeIgniter->handleRequest(null, Object(Config\Cache), false)
 8 FCPATH/index.php(67): CodeIgniter\CodeIgniter->run()
ERROR - 2023-06-04 20:56:19 --> mysqli_sql_exception: You have an error in your SQL syntax; check the manual that corresponds to your MariaDB server version for the right syntax to use near 'key=Toyota' at line 1 in /home/sarw4488/sarmtf_core/system/Database/MySQLi/Connection.php:292
Stack trace:
#0 /home/sarw4488/sarmtf_core/system/Database/MySQLi/Connection.php(292): mysqli->query('SELECT name, pr...', 0)
#1 /home/sarw4488/sarmtf_core/system/Database/BaseConnection.php(666): CodeIgniter\Database\MySQLi\Connection->execute('SELECT name, pr...')
#2 /home/sarw4488/sarmtf_core/system/Database/BaseConnection.php(593): CodeIgniter\Database\BaseConnection->simpleQuery('SELECT name, pr...')
#3 /home/sarw4488/sarmtf_core/app/Controllers/Form.php(36): CodeIgniter\Database\BaseConnection->query('SELECT name, pr...')
#4 /home/sarw4488/sarmtf_core/system/CodeIgniter.php(927): App\Controllers\Form->index()
#5 /home/sarw4488/sarmtf_core/system/CodeIgniter.php(482): CodeIgniter\CodeIgniter->runController(Object(App\Controllers\Form))
#6 /home/sarw4488/sarmtf_core/system/CodeIgniter.php(351): CodeIgniter\CodeIgniter->handleRequest(NULL, Object(Config\Cache), false)
#7 /home/sarw4488/public_html/index.php(67): CodeIgniter\CodeIgniter->run()
#8 {main}
CRITICAL - 2023-06-04 20:56:19 --> You have an error in your SQL syntax; check the manual that corresponds to your MariaDB server version for the right syntax to use near 'key=Toyota' at line 1
in SYSTEMPATH/Database/MySQLi/Connection.php on line 292.
 1 SYSTEMPATH/Database/MySQLi/Connection.php(292): mysqli->query('SELECT name, price, unitCode, image FROM units WHERE key=Toyota', 0)
 2 SYSTEMPATH/Database/BaseConnection.php(666): CodeIgniter\Database\MySQLi\Connection->execute('SELECT name, price, unitCode, image FROM units WHERE key=Toyota')
 3 SYSTEMPATH/Database/BaseConnection.php(593): CodeIgniter\Database\BaseConnection->simpleQuery('SELECT name, price, unitCode, image FROM units WHERE key=Toyota')
 4 APPPATH/Controllers/Form.php(36): CodeIgniter\Database\BaseConnection->query('SELECT name, price, unitCode, image FROM units WHERE key=Toyota')
 5 SYSTEMPATH/CodeIgniter.php(927): App\Controllers\Form->index()
 6 SYSTEMPATH/CodeIgniter.php(482): CodeIgniter\CodeIgniter->runController(Object(App\Controllers\Form))
 7 SYSTEMPATH/CodeIgniter.php(351): CodeIgniter\CodeIgniter->handleRequest(null, Object(Config\Cache), false)
 8 FCPATH/index.php(67): CodeIgniter\CodeIgniter->run()
ERROR - 2023-06-04 20:56:20 --> mysqli_sql_exception: You have an error in your SQL syntax; check the manual that corresponds to your MariaDB server version for the right syntax to use near 'key=Toyota' at line 1 in /home/sarw4488/sarmtf_core/system/Database/MySQLi/Connection.php:292
Stack trace:
#0 /home/sarw4488/sarmtf_core/system/Database/MySQLi/Connection.php(292): mysqli->query('SELECT name, pr...', 0)
#1 /home/sarw4488/sarmtf_core/system/Database/BaseConnection.php(666): CodeIgniter\Database\MySQLi\Connection->execute('SELECT name, pr...')
#2 /home/sarw4488/sarmtf_core/system/Database/BaseConnection.php(593): CodeIgniter\Database\BaseConnection->simpleQuery('SELECT name, pr...')
#3 /home/sarw4488/sarmtf_core/app/Controllers/Form.php(36): CodeIgniter\Database\BaseConnection->query('SELECT name, pr...')
#4 /home/sarw4488/sarmtf_core/system/CodeIgniter.php(927): App\Controllers\Form->index()
#5 /home/sarw4488/sarmtf_core/system/CodeIgniter.php(482): CodeIgniter\CodeIgniter->runController(Object(App\Controllers\Form))
#6 /home/sarw4488/sarmtf_core/system/CodeIgniter.php(351): CodeIgniter\CodeIgniter->handleRequest(NULL, Object(Config\Cache), false)
#7 /home/sarw4488/public_html/index.php(67): CodeIgniter\CodeIgniter->run()
#8 {main}
CRITICAL - 2023-06-04 20:56:20 --> You have an error in your SQL syntax; check the manual that corresponds to your MariaDB server version for the right syntax to use near 'key=Toyota' at line 1
in SYSTEMPATH/Database/MySQLi/Connection.php on line 292.
 1 SYSTEMPATH/Database/MySQLi/Connection.php(292): mysqli->query('SELECT name, price, unitCode, image FROM units WHERE key=Toyota', 0)
 2 SYSTEMPATH/Database/BaseConnection.php(666): CodeIgniter\Database\MySQLi\Connection->execute('SELECT name, price, unitCode, image FROM units WHERE key=Toyota')
 3 SYSTEMPATH/Database/BaseConnection.php(593): CodeIgniter\Database\BaseConnection->simpleQuery('SELECT name, price, unitCode, image FROM units WHERE key=Toyota')
 4 APPPATH/Controllers/Form.php(36): CodeIgniter\Database\BaseConnection->query('SELECT name, price, unitCode, image FROM units WHERE key=Toyota')
 5 SYSTEMPATH/CodeIgniter.php(927): App\Controllers\Form->index()
 6 SYSTEMPATH/CodeIgniter.php(482): CodeIgniter\CodeIgniter->runController(Object(App\Controllers\Form))
 7 SYSTEMPATH/CodeIgniter.php(351): CodeIgniter\CodeIgniter->handleRequest(null, Object(Config\Cache), false)
 8 FCPATH/index.php(67): CodeIgniter\CodeIgniter->run()
ERROR - 2023-06-04 20:57:26 --> mysqli_sql_exception: You have an error in your SQL syntax; check the manual that corresponds to your MariaDB server version for the right syntax to use near 'key='Toyota' ORDER by name ASC' at line 1 in /home/sarw4488/sarmtf_core/system/Database/MySQLi/Connection.php:292
Stack trace:
#0 /home/sarw4488/sarmtf_core/system/Database/MySQLi/Connection.php(292): mysqli->query('SELECT name, pr...', 0)
#1 /home/sarw4488/sarmtf_core/system/Database/BaseConnection.php(666): CodeIgniter\Database\MySQLi\Connection->execute('SELECT name, pr...')
#2 /home/sarw4488/sarmtf_core/system/Database/BaseConnection.php(593): CodeIgniter\Database\BaseConnection->simpleQuery('SELECT name, pr...')
#3 /home/sarw4488/sarmtf_core/app/Controllers/Form.php(36): CodeIgniter\Database\BaseConnection->query('SELECT name, pr...')
#4 /home/sarw4488/sarmtf_core/system/CodeIgniter.php(927): App\Controllers\Form->index()
#5 /home/sarw4488/sarmtf_core/system/CodeIgniter.php(482): CodeIgniter\CodeIgniter->runController(Object(App\Controllers\Form))
#6 /home/sarw4488/sarmtf_core/system/CodeIgniter.php(351): CodeIgniter\CodeIgniter->handleRequest(NULL, Object(Config\Cache), false)
#7 /home/sarw4488/public_html/index.php(67): CodeIgniter\CodeIgniter->run()
#8 {main}
CRITICAL - 2023-06-04 20:57:26 --> You have an error in your SQL syntax; check the manual that corresponds to your MariaDB server version for the right syntax to use near 'key='Toyota' ORDER by name ASC' at line 1
in SYSTEMPATH/Database/MySQLi/Connection.php on line 292.
 1 SYSTEMPATH/Database/MySQLi/Connection.php(292): mysqli->query('SELECT name, price, unitCode, image FROM units WHERE key=\'Toyota\' ORDER by name ASC', 0)
 2 SYSTEMPATH/Database/BaseConnection.php(666): CodeIgniter\Database\MySQLi\Connection->execute('SELECT name, price, unitCode, image FROM units WHERE key=\'Toyota\' ORDER by name ASC')
 3 SYSTEMPATH/Database/BaseConnection.php(593): CodeIgniter\Database\BaseConnection->simpleQuery('SELECT name, price, unitCode, image FROM units WHERE key=\'Toyota\' ORDER by name ASC')
 4 APPPATH/Controllers/Form.php(36): CodeIgniter\Database\BaseConnection->query('SELECT name, price, unitCode, image FROM units WHERE key=\'Toyota\' ORDER by name ASC')
 5 SYSTEMPATH/CodeIgniter.php(927): App\Controllers\Form->index()
 6 SYSTEMPATH/CodeIgniter.php(482): CodeIgniter\CodeIgniter->runController(Object(App\Controllers\Form))
 7 SYSTEMPATH/CodeIgniter.php(351): CodeIgniter\CodeIgniter->handleRequest(null, Object(Config\Cache), false)
 8 FCPATH/index.php(67): CodeIgniter\CodeIgniter->run()
ERROR - 2023-06-04 20:58:32 --> mysqli_sql_exception: You have an error in your SQL syntax; check the manual that corresponds to your MariaDB server version for the right syntax to use near 'key=`Toyota` ORDER by name ASC' at line 1 in /home/sarw4488/sarmtf_core/system/Database/MySQLi/Connection.php:292
Stack trace:
#0 /home/sarw4488/sarmtf_core/system/Database/MySQLi/Connection.php(292): mysqli->query('SELECT name, pr...', 0)
#1 /home/sarw4488/sarmtf_core/system/Database/BaseConnection.php(666): CodeIgniter\Database\MySQLi\Connection->execute('SELECT name, pr...')
#2 /home/sarw4488/sarmtf_core/system/Database/BaseConnection.php(593): CodeIgniter\Database\BaseConnection->simpleQuery('SELECT name, pr...')
#3 /home/sarw4488/sarmtf_core/app/Controllers/Form.php(36): CodeIgniter\Database\BaseConnection->query('SELECT name, pr...')
#4 /home/sarw4488/sarmtf_core/system/CodeIgniter.php(927): App\Controllers\Form->index()
#5 /home/sarw4488/sarmtf_core/system/CodeIgniter.php(482): CodeIgniter\CodeIgniter->runController(Object(App\Controllers\Form))
#6 /home/sarw4488/sarmtf_core/system/CodeIgniter.php(351): CodeIgniter\CodeIgniter->handleRequest(NULL, Object(Config\Cache), false)
#7 /home/sarw4488/public_html/index.php(67): CodeIgniter\CodeIgniter->run()
#8 {main}
CRITICAL - 2023-06-04 20:58:32 --> You have an error in your SQL syntax; check the manual that corresponds to your MariaDB server version for the right syntax to use near 'key=`Toyota` ORDER by name ASC' at line 1
in SYSTEMPATH/Database/MySQLi/Connection.php on line 292.
 1 SYSTEMPATH/Database/MySQLi/Connection.php(292): mysqli->query('SELECT name, price, unitCode, image FROM units WHERE key=`Toyota` ORDER by name ASC', 0)
 2 SYSTEMPATH/Database/BaseConnection.php(666): CodeIgniter\Database\MySQLi\Connection->execute('SELECT name, price, unitCode, image FROM units WHERE key=`Toyota` ORDER by name ASC')
 3 SYSTEMPATH/Database/BaseConnection.php(593): CodeIgniter\Database\BaseConnection->simpleQuery('SELECT name, price, unitCode, image FROM units WHERE key=`Toyota` ORDER by name ASC')
 4 APPPATH/Controllers/Form.php(36): CodeIgniter\Database\BaseConnection->query('SELECT name, price, unitCode, image FROM units WHERE key=`Toyota` ORDER by name ASC')
 5 SYSTEMPATH/CodeIgniter.php(927): App\Controllers\Form->index()
 6 SYSTEMPATH/CodeIgniter.php(482): CodeIgniter\CodeIgniter->runController(Object(App\Controllers\Form))
 7 SYSTEMPATH/CodeIgniter.php(351): CodeIgniter\CodeIgniter->handleRequest(null, Object(Config\Cache), false)
 8 FCPATH/index.php(67): CodeIgniter\CodeIgniter->run()
CRITICAL - 2023-06-04 21:10:23 --> Trying to get property 'password' of non-object
in APPPATH/Controllers/Home.php on line 57.
 1 APPPATH/Controllers/Home.php(57): CodeIgniter\Debug\Exceptions->errorHandler(8, 'Trying to get property \'password\' of non-object', 'APPPATH/Controllers/Home.php', 57, [...])
 2 SYSTEMPATH/CodeIgniter.php(927): App\Controllers\Home->login()
 3 SYSTEMPATH/CodeIgniter.php(482): CodeIgniter\CodeIgniter->runController(Object(App\Controllers\Home))
 4 SYSTEMPATH/CodeIgniter.php(351): CodeIgniter\CodeIgniter->handleRequest(null, Object(Config\Cache), false)
 5 FCPATH/index.php(67): CodeIgniter\CodeIgniter->run()
CRITICAL - 2023-06-04 21:10:47 --> Trying to access array offset on value of type null
in APPPATH/Controllers/Home.php on line 57.
 1 APPPATH/Controllers/Home.php(57): CodeIgniter\Debug\Exceptions->errorHandler(8, 'Trying to access array offset on value of type null', 'APPPATH/Controllers/Home.php', 57, [...])
 2 SYSTEMPATH/CodeIgniter.php(927): App\Controllers\Home->login()
 3 SYSTEMPATH/CodeIgniter.php(482): CodeIgniter\CodeIgniter->runController(Object(App\Controllers\Home))
 4 SYSTEMPATH/CodeIgniter.php(351): CodeIgniter\CodeIgniter->handleRequest(null, Object(Config\Cache), false)
 5 FCPATH/index.php(67): CodeIgniter\CodeIgniter->run()
CRITICAL - 2023-06-04 21:14:09 --> count(): Parameter must be an array or an object that implements Countable
in APPPATH/Controllers/Home.php on line 57.
 1 [internal function]: CodeIgniter\Debug\Exceptions->errorHandler(2, 'count(): Parameter must be an array or an object that implements Countable', 'APPPATH/Controllers/Home.php', 57, [...])
 2 APPPATH/Controllers/Home.php(57): count(null)
 3 SYSTEMPATH/CodeIgniter.php(927): App\Controllers\Home->login()
 4 SYSTEMPATH/CodeIgniter.php(482): CodeIgniter\CodeIgniter->runController(Object(App\Controllers\Home))
 5 SYSTEMPATH/CodeIgniter.php(351): CodeIgniter\CodeIgniter->handleRequest(null, Object(Config\Cache), false)
 6 FCPATH/index.php(67): CodeIgniter\CodeIgniter->run()
CRITICAL - 2023-06-04 21:14:34 --> Undefined variable: data
in APPPATH/Controllers/Home.php on line 71.
 1 APPPATH/Controllers/Home.php(71): CodeIgniter\Debug\Exceptions->errorHandler(8, 'Undefined variable: data', 'APPPATH/Controllers/Home.php', 71, [...])
 2 SYSTEMPATH/CodeIgniter.php(927): App\Controllers\Home->login()
 3 SYSTEMPATH/CodeIgniter.php(482): CodeIgniter\CodeIgniter->runController(Object(App\Controllers\Home))
 4 SYSTEMPATH/CodeIgniter.php(351): CodeIgniter\CodeIgniter->handleRequest(null, Object(Config\Cache), false)
 5 FCPATH/index.php(67): CodeIgniter\CodeIgniter->run()
CRITICAL - 2023-06-04 21:16:38 --> Undefined index: password
in APPPATH/Controllers/Home.php on line 58.
 1 APPPATH/Controllers/Home.php(58): CodeIgniter\Debug\Exceptions->errorHandler(8, 'Undefined index: password', 'APPPATH/Controllers/Home.php', 58, [...])
 2 SYSTEMPATH/CodeIgniter.php(927): App\Controllers\Home->login()
 3 SYSTEMPATH/CodeIgniter.php(482): CodeIgniter\CodeIgniter->runController(Object(App\Controllers\Home))
 4 SYSTEMPATH/CodeIgniter.php(351): CodeIgniter\CodeIgniter->handleRequest(null, Object(Config\Cache), false)
 5 FCPATH/index.php(67): CodeIgniter\CodeIgniter->run()
CRITICAL - 2023-06-04 21:16:53 --> Trying to get property 'password' of non-object
in APPPATH/Controllers/Home.php on line 58.
 1 APPPATH/Controllers/Home.php(58): CodeIgniter\Debug\Exceptions->errorHandler(8, 'Trying to get property \'password\' of non-object', 'APPPATH/Controllers/Home.php', 58, [...])
 2 SYSTEMPATH/CodeIgniter.php(927): App\Controllers\Home->login()
 3 SYSTEMPATH/CodeIgniter.php(482): CodeIgniter\CodeIgniter->runController(Object(App\Controllers\Home))
 4 SYSTEMPATH/CodeIgniter.php(351): CodeIgniter\CodeIgniter->handleRequest(null, Object(Config\Cache), false)
 5 FCPATH/index.php(67): CodeIgniter\CodeIgniter->run()
CRITICAL - 2023-06-04 21:17:24 --> Undefined variable: data
in APPPATH/Controllers/Home.php on line 73.
 1 APPPATH/Controllers/Home.php(73): CodeIgniter\Debug\Exceptions->errorHandler(8, 'Undefined variable: data', 'APPPATH/Controllers/Home.php', 73, [...])
 2 SYSTEMPATH/CodeIgniter.php(927): App\Controllers\Home->login()
 3 SYSTEMPATH/CodeIgniter.php(482): CodeIgniter\CodeIgniter->runController(Object(App\Controllers\Home))
 4 SYSTEMPATH/CodeIgniter.php(351): CodeIgniter\CodeIgniter->handleRequest(null, Object(Config\Cache), false)
 5 FCPATH/index.php(67): CodeIgniter\CodeIgniter->run()
CRITICAL - 2023-06-04 21:19:51 --> Trying to get property 'password' of non-object
in APPPATH/Controllers/Home.php on line 58.
 1 APPPATH/Controllers/Home.php(58): CodeIgniter\Debug\Exceptions->errorHandler(8, 'Trying to get property \'password\' of non-object', 'APPPATH/Controllers/Home.php', 58, [...])
 2 SYSTEMPATH/CodeIgniter.php(927): App\Controllers\Home->login()
 3 SYSTEMPATH/CodeIgniter.php(482): CodeIgniter\CodeIgniter->runController(Object(App\Controllers\Home))
 4 SYSTEMPATH/CodeIgniter.php(351): CodeIgniter\CodeIgniter->handleRequest(null, Object(Config\Cache), false)
 5 FCPATH/index.php(67): CodeIgniter\CodeIgniter->run()
CRITICAL - 2023-06-04 21:21:46 --> Trying to get property 'password' of non-object
in APPPATH/Controllers/Home.php on line 73.
 1 APPPATH/Controllers/Home.php(73): CodeIgniter\Debug\Exceptions->errorHandler(8, 'Trying to get property \'password\' of non-object', 'APPPATH/Controllers/Home.php', 73, [...])
 2 SYSTEMPATH/CodeIgniter.php(927): App\Controllers\Home->login()
 3 SYSTEMPATH/CodeIgniter.php(482): CodeIgniter\CodeIgniter->runController(Object(App\Controllers\Home))
 4 SYSTEMPATH/CodeIgniter.php(351): CodeIgniter\CodeIgniter->handleRequest(null, Object(Config\Cache), false)
 5 FCPATH/index.php(67): CodeIgniter\CodeIgniter->run()
CRITICAL - 2023-06-04 21:21:57 --> Trying to get property 'name' of non-object
in APPPATH/Controllers/Home.php on line 73.
 1 APPPATH/Controllers/Home.php(73): CodeIgniter\Debug\Exceptions->errorHandler(8, 'Trying to get property \'name\' of non-object', 'APPPATH/Controllers/Home.php', 73, [...])
 2 SYSTEMPATH/CodeIgniter.php(927): App\Controllers\Home->login()
 3 SYSTEMPATH/CodeIgniter.php(482): CodeIgniter\CodeIgniter->runController(Object(App\Controllers\Home))
 4 SYSTEMPATH/CodeIgniter.php(351): CodeIgniter\CodeIgniter->handleRequest(null, Object(Config\Cache), false)
 5 FCPATH/index.php(67): CodeIgniter\CodeIgniter->run()
CRITICAL - 2023-06-04 21:22:12 --> Undefined index: name
in APPPATH/Controllers/Home.php on line 73.
 1 APPPATH/Controllers/Home.php(73): CodeIgniter\Debug\Exceptions->errorHandler(8, 'Undefined index: name', 'APPPATH/Controllers/Home.php', 73, [...])
 2 SYSTEMPATH/CodeIgniter.php(927): App\Controllers\Home->login()
 3 SYSTEMPATH/CodeIgniter.php(482): CodeIgniter\CodeIgniter->runController(Object(App\Controllers\Home))
 4 SYSTEMPATH/CodeIgniter.php(351): CodeIgniter\CodeIgniter->handleRequest(null, Object(Config\Cache), false)
 5 FCPATH/index.php(67): CodeIgniter\CodeIgniter->run()
CRITICAL - 2023-06-04 21:22:51 --> Trying to get property 'password' of non-object
in APPPATH/Controllers/Home.php on line 73.
 1 APPPATH/Controllers/Home.php(73): CodeIgniter\Debug\Exceptions->errorHandler(8, 'Trying to get property \'password\' of non-object', 'APPPATH/Controllers/Home.php', 73, [...])
 2 SYSTEMPATH/CodeIgniter.php(927): App\Controllers\Home->login()
 3 SYSTEMPATH/CodeIgniter.php(482): CodeIgniter\CodeIgniter->runController(Object(App\Controllers\Home))
 4 SYSTEMPATH/CodeIgniter.php(351): CodeIgniter\CodeIgniter->handleRequest(null, Object(Config\Cache), false)
 5 FCPATH/index.php(67): CodeIgniter\CodeIgniter->run()
CRITICAL - 2023-06-04 21:23:04 --> count(): Parameter must be an array or an object that implements Countable
in APPPATH/Controllers/Home.php on line 57.
 1 [internal function]: CodeIgniter\Debug\Exceptions->errorHandler(2, 'count(): Parameter must be an array or an object that implements Countable', 'APPPATH/Controllers/Home.php', 57, [...])
 2 APPPATH/Controllers/Home.php(57): count(Object(stdClass))
 3 SYSTEMPATH/CodeIgniter.php(927): App\Controllers\Home->login()
 4 SYSTEMPATH/CodeIgniter.php(482): CodeIgniter\CodeIgniter->runController(Object(App\Controllers\Home))
 5 SYSTEMPATH/CodeIgniter.php(351): CodeIgniter\CodeIgniter->handleRequest(null, Object(Config\Cache), false)
 6 FCPATH/index.php(67): CodeIgniter\CodeIgniter->run()
