CRITICAL - 2023-06-11 23:15:34 --> count(): Parameter must be an array or an object that implements Countable
in APPPATH/Views/setting.php on line 68.
 1 APPPATH/Views/setting.php(68): CodeIgniter\Debug\Exceptions->errorHandler(2, 'count(): Parameter must be an array or an object that implements Countable', 'APPPATH/Views/setting.php', 68, [...])
 2 SYSTEMPATH/View/View.php(213): include('APPPATH/Views/setting.php')
 3 SYSTEMPATH/View/View.php(216): CodeIgniter\View\View->CodeIgniter\View\{closure}()
 4 SYSTEMPATH/Common.php(1134): CodeIgniter\View\View->render('setting', [], true)
 5 APPPATH/Controllers/Setting.php(55): view('setting', [...])
 6 SYSTEMPATH/CodeIgniter.php(927): App\Controllers\Setting->index()
 7 SYSTEMPATH/CodeIgniter.php(482): CodeIgniter\CodeIgniter->runController(Object(App\Controllers\Setting))
 8 SYSTEMPATH/CodeIgniter.php(351): CodeIgniter\CodeIgniter->handleRequest(null, Object(Config\Cache), false)
 9 FCPATH/index.php(67): CodeIgniter\CodeIgniter->run()
CRITICAL - 2023-06-11 23:15:36 --> count(): Parameter must be an array or an object that implements Countable
in APPPATH/Views/setting.php on line 68.
 1 APPPATH/Views/setting.php(68): CodeIgniter\Debug\Exceptions->errorHandler(2, 'count(): Parameter must be an array or an object that implements Countable', 'APPPATH/Views/setting.php', 68, [...])
 2 SYSTEMPATH/View/View.php(213): include('APPPATH/Views/setting.php')
 3 SYSTEMPATH/View/View.php(216): CodeIgniter\View\View->CodeIgniter\View\{closure}()
 4 SYSTEMPATH/Common.php(1134): CodeIgniter\View\View->render('setting', [], true)
 5 APPPATH/Controllers/Setting.php(55): view('setting', [...])
 6 SYSTEMPATH/CodeIgniter.php(927): App\Controllers\Setting->index()
 7 SYSTEMPATH/CodeIgniter.php(482): CodeIgniter\CodeIgniter->runController(Object(App\Controllers\Setting))
 8 SYSTEMPATH/CodeIgniter.php(351): CodeIgniter\CodeIgniter->handleRequest(null, Object(Config\Cache), false)
 9 FCPATH/index.php(67): CodeIgniter\CodeIgniter->run()
CRITICAL - 2023-06-11 23:15:52 --> count(): Parameter must be an array or an object that implements Countable
in APPPATH/Views/setting.php on line 68.
 1 APPPATH/Views/setting.php(68): CodeIgniter\Debug\Exceptions->errorHandler(2, 'count(): Parameter must be an array or an object that implements Countable', 'APPPATH/Views/setting.php', 68, [...])
 2 SYSTEMPATH/View/View.php(213): include('APPPATH/Views/setting.php')
 3 SYSTEMPATH/View/View.php(216): CodeIgniter\View\View->CodeIgniter\View\{closure}()
 4 SYSTEMPATH/Common.php(1134): CodeIgniter\View\View->render('setting', [], true)
 5 APPPATH/Controllers/Setting.php(55): view('setting', [...])
 6 SYSTEMPATH/CodeIgniter.php(927): App\Controllers\Setting->index()
 7 SYSTEMPATH/CodeIgniter.php(482): CodeIgniter\CodeIgniter->runController(Object(App\Controllers\Setting))
 8 SYSTEMPATH/CodeIgniter.php(351): CodeIgniter\CodeIgniter->handleRequest(null, Object(Config\Cache), false)
 9 FCPATH/index.php(67): CodeIgniter\CodeIgniter->run()
CRITICAL - 2023-06-11 23:16:25 --> count(): Parameter must be an array or an object that implements Countable
in APPPATH/Views/setting.php on line 68.
 1 APPPATH/Views/setting.php(68): CodeIgniter\Debug\Exceptions->errorHandler(2, 'count(): Parameter must be an array or an object that implements Countable', 'APPPATH/Views/setting.php', 68, [...])
 2 SYSTEMPATH/View/View.php(213): include('APPPATH/Views/setting.php')
 3 SYSTEMPATH/View/View.php(216): CodeIgniter\View\View->CodeIgniter\View\{closure}()
 4 SYSTEMPATH/Common.php(1134): CodeIgniter\View\View->render('setting', [], true)
 5 APPPATH/Controllers/Setting.php(55): view('setting', [...])
 6 SYSTEMPATH/CodeIgniter.php(927): App\Controllers\Setting->index()
 7 SYSTEMPATH/CodeIgniter.php(482): CodeIgniter\CodeIgniter->runController(Object(App\Controllers\Setting))
 8 SYSTEMPATH/CodeIgniter.php(351): CodeIgniter\CodeIgniter->handleRequest(null, Object(Config\Cache), false)
 9 FCPATH/index.php(67): CodeIgniter\CodeIgniter->run()
CRITICAL - 2023-06-11 23:16:27 --> count(): Parameter must be an array or an object that implements Countable
in APPPATH/Views/setting.php on line 68.
 1 APPPATH/Views/setting.php(68): CodeIgniter\Debug\Exceptions->errorHandler(2, 'count(): Parameter must be an array or an object that implements Countable', 'APPPATH/Views/setting.php', 68, [...])
 2 SYSTEMPATH/View/View.php(213): include('APPPATH/Views/setting.php')
 3 SYSTEMPATH/View/View.php(216): CodeIgniter\View\View->CodeIgniter\View\{closure}()
 4 SYSTEMPATH/Common.php(1134): CodeIgniter\View\View->render('setting', [], true)
 5 APPPATH/Controllers/Setting.php(55): view('setting', [...])
 6 SYSTEMPATH/CodeIgniter.php(927): App\Controllers\Setting->index()
 7 SYSTEMPATH/CodeIgniter.php(482): CodeIgniter\CodeIgniter->runController(Object(App\Controllers\Setting))
 8 SYSTEMPATH/CodeIgniter.php(351): CodeIgniter\CodeIgniter->handleRequest(null, Object(Config\Cache), false)
 9 FCPATH/index.php(67): CodeIgniter\CodeIgniter->run()
CRITICAL - 2023-06-11 23:17:01 --> count(): Parameter must be an array or an object that implements Countable
in APPPATH/Views/setting.php on line 68.
 1 APPPATH/Views/setting.php(68): CodeIgniter\Debug\Exceptions->errorHandler(2, 'count(): Parameter must be an array or an object that implements Countable', 'APPPATH/Views/setting.php', 68, [...])
 2 SYSTEMPATH/View/View.php(213): include('APPPATH/Views/setting.php')
 3 SYSTEMPATH/View/View.php(216): CodeIgniter\View\View->CodeIgniter\View\{closure}()
 4 SYSTEMPATH/Common.php(1134): CodeIgniter\View\View->render('setting', [], true)
 5 APPPATH/Controllers/Setting.php(55): view('setting', [...])
 6 SYSTEMPATH/CodeIgniter.php(927): App\Controllers\Setting->index()
 7 SYSTEMPATH/CodeIgniter.php(482): CodeIgniter\CodeIgniter->runController(Object(App\Controllers\Setting))
 8 SYSTEMPATH/CodeIgniter.php(351): CodeIgniter\CodeIgniter->handleRequest(null, Object(Config\Cache), false)
 9 FCPATH/index.php(67): CodeIgniter\CodeIgniter->run()
CRITICAL - 2023-06-11 23:17:10 --> Invalid argument supplied for foreach()
in APPPATH/Views/setting.php on line 69.
 1 APPPATH/Views/setting.php(69): CodeIgniter\Debug\Exceptions->errorHandler(2, 'Invalid argument supplied for foreach()', 'APPPATH/Views/setting.php', 69, [...])
 2 SYSTEMPATH/View/View.php(213): include('APPPATH/Views/setting.php')
 3 SYSTEMPATH/View/View.php(216): CodeIgniter\View\View->CodeIgniter\View\{closure}()
 4 SYSTEMPATH/Common.php(1134): CodeIgniter\View\View->render('setting', [], true)
 5 APPPATH/Controllers/Setting.php(55): view('setting', [...])
 6 SYSTEMPATH/CodeIgniter.php(927): App\Controllers\Setting->index()
 7 SYSTEMPATH/CodeIgniter.php(482): CodeIgniter\CodeIgniter->runController(Object(App\Controllers\Setting))
 8 SYSTEMPATH/CodeIgniter.php(351): CodeIgniter\CodeIgniter->handleRequest(null, Object(Config\Cache), false)
 9 FCPATH/index.php(67): CodeIgniter\CodeIgniter->run()
CRITICAL - 2023-06-11 23:18:06 --> Invalid argument supplied for foreach()
in APPPATH/Views/setting.php on line 69.
 1 APPPATH/Views/setting.php(69): CodeIgniter\Debug\Exceptions->errorHandler(2, 'Invalid argument supplied for foreach()', 'APPPATH/Views/setting.php', 69, [...])
 2 SYSTEMPATH/View/View.php(213): include('APPPATH/Views/setting.php')
 3 SYSTEMPATH/View/View.php(216): CodeIgniter\View\View->CodeIgniter\View\{closure}()
 4 SYSTEMPATH/Common.php(1134): CodeIgniter\View\View->render('setting', [], true)
 5 APPPATH/Controllers/Setting.php(55): view('setting', [...])
 6 SYSTEMPATH/CodeIgniter.php(927): App\Controllers\Setting->index()
 7 SYSTEMPATH/CodeIgniter.php(482): CodeIgniter\CodeIgniter->runController(Object(App\Controllers\Setting))
 8 SYSTEMPATH/CodeIgniter.php(351): CodeIgniter\CodeIgniter->handleRequest(null, Object(Config\Cache), false)
 9 FCPATH/index.php(67): CodeIgniter\CodeIgniter->run()
CRITICAL - 2023-06-11 23:28:14 --> Undefined index: images
in APPPATH/Controllers/Setting.php on line 107.
 1 APPPATH/Controllers/Setting.php(107): CodeIgniter\Debug\Exceptions->errorHandler(8, 'Undefined index: images', 'APPPATH/Controllers/Setting.php', 107, [...])
 2 SYSTEMPATH/CodeIgniter.php(927): App\Controllers\Setting->save()
 3 SYSTEMPATH/CodeIgniter.php(482): CodeIgniter\CodeIgniter->runController(Object(App\Controllers\Setting))
 4 SYSTEMPATH/CodeIgniter.php(351): CodeIgniter\CodeIgniter->handleRequest(null, Object(Config\Cache), false)
 5 FCPATH/index.php(67): CodeIgniter\CodeIgniter->run()
CRITICAL - 2023-06-11 23:30:51 --> Array to string conversion
in APPPATH/Views/form.php on line 231.
 1 APPPATH/Views/form.php(231): CodeIgniter\Debug\Exceptions->errorHandler(8, 'Array to string conversion', 'APPPATH/Views/form.php', 231, [...])
 2 SYSTEMPATH/View/View.php(213): include('APPPATH/Views/form.php')
 3 SYSTEMPATH/View/View.php(216): CodeIgniter\View\View->CodeIgniter\View\{closure}()
 4 SYSTEMPATH/Common.php(1134): CodeIgniter\View\View->render('form', [], true)
 5 APPPATH/Controllers/Form.php(61): view('form', [...])
 6 SYSTEMPATH/CodeIgniter.php(927): App\Controllers\Form->index()
 7 SYSTEMPATH/CodeIgniter.php(482): CodeIgniter\CodeIgniter->runController(Object(App\Controllers\Form))
 8 SYSTEMPATH/CodeIgniter.php(351): CodeIgniter\CodeIgniter->handleRequest(null, Object(Config\Cache), false)
 9 FCPATH/index.php(67): CodeIgniter\CodeIgniter->run()
CRITICAL - 2023-06-11 23:58:38 --> Undefined variable: isLoggedIn
in APPPATH/Views/view.php on line 105.
 1 APPPATH/Views/view.php(105): CodeIgniter\Debug\Exceptions->errorHandler(8, 'Undefined variable: isLoggedIn', 'APPPATH/Views/view.php', 105, [...])
 2 SYSTEMPATH/View/View.php(213): include('APPPATH/Views/view.php')
 3 SYSTEMPATH/View/View.php(216): CodeIgniter\View\View->CodeIgniter\View\{closure}()
 4 SYSTEMPATH/Common.php(1134): CodeIgniter\View\View->render('view', [], true)
 5 APPPATH/Controllers/Dashboard.php(144): view('view', [...])
 6 SYSTEMPATH/CodeIgniter.php(927): App\Controllers\Dashboard->view('20230610202219')
 7 SYSTEMPATH/CodeIgniter.php(482): CodeIgniter\CodeIgniter->runController(Object(App\Controllers\Dashboard))
 8 SYSTEMPATH/CodeIgniter.php(351): CodeIgniter\CodeIgniter->handleRequest(null, Object(Config\Cache), false)
 9 FCPATH/index.php(67): CodeIgniter\CodeIgniter->run()
