CRITICAL - 2023-06-18 16:27:51 --> Invalid argument supplied for foreach()
in APPPATH/Views/view.php on line 34.
 1 APPPATH/Views/view.php(34): CodeIgniter\Debug\Exceptions->errorHandler(2, 'Invalid argument supplied for foreach()', 'APPPATH/Views/view.php', 34, [...])
 2 SYSTEMPATH/View/View.php(213): include('APPPATH/Views/view.php')
 3 SYSTEMPATH/View/View.php(216): CodeIgniter\View\View->CodeIgniter\View\{closure}()
 4 SYSTEMPATH/Common.php(1134): CodeIgniter\View\View->render('view', [], true)
 5 APPPATH/Controllers/Dashboard.php(144): view('view', [...])
 6 SYSTEMPATH/CodeIgniter.php(927): App\Controllers\Dashboard->view('20230608064057')
 7 SYSTEMPATH/CodeIgniter.php(482): CodeIgniter\CodeIgniter->runController(Object(App\Controllers\Dashboard))
 8 SYSTEMPATH/CodeIgniter.php(351): CodeIgniter\CodeIgniter->handleRequest(null, Object(Config\Cache), false)
 9 FCPATH/index.php(67): CodeIgniter\CodeIgniter->run()
CRITICAL - 2023-06-18 16:27:58 --> Invalid argument supplied for foreach()
in APPPATH/Views/view.php on line 34.
 1 APPPATH/Views/view.php(34): CodeIgniter\Debug\Exceptions->errorHandler(2, 'Invalid argument supplied for foreach()', 'APPPATH/Views/view.php', 34, [...])
 2 SYSTEMPATH/View/View.php(213): include('APPPATH/Views/view.php')
 3 SYSTEMPATH/View/View.php(216): CodeIgniter\View\View->CodeIgniter\View\{closure}()
 4 SYSTEMPATH/Common.php(1134): CodeIgniter\View\View->render('view', [], true)
 5 APPPATH/Controllers/Dashboard.php(144): view('view', [...])
 6 SYSTEMPATH/CodeIgniter.php(927): App\Controllers\Dashboard->view('202306080640')
 7 SYSTEMPATH/CodeIgniter.php(482): CodeIgniter\CodeIgniter->runController(Object(App\Controllers\Dashboard))
 8 SYSTEMPATH/CodeIgniter.php(351): CodeIgniter\CodeIgniter->handleRequest(null, Object(Config\Cache), false)
 9 FCPATH/index.php(67): CodeIgniter\CodeIgniter->run()
